<?xml version="1.0" encoding="UTF-8"?>
<!-- Generated by org.testng.reporters.JUnitReportReporter -->
<testsuite hostname="DESKTOP-GKRI4LO" failures="0" tests="1" name="com.harel.TravelPolicyTest" time="7.758" errors="0" timestamp="2025-10-03T16:19:47 IDT" skipped="0">
  <testcase classname="com.harel.TravelPolicyTest" name="travelInsuranceFirstTimeTest" time="7.758"/>
  <system-out/>
</testsuite> <!-- com.harel.TravelPolicyTest -->
